This is pdfTeX, Version 3.14159265-2.6-1.40.16 (TeX Live 2015/Debian) (preloaded format=pdflatex 2016.11.9)  12 AUG 2017 13:49
entering extended mode
 restricted \write18 enabled.
 %&-line parsing enabled.
**"Système Hugo.tex"
(./Système Hugo.tex
LaTeX2e <2016/02/01>
Babel <3.9q> and hyphenation patterns for 81 language(s) loaded.
(/usr/share/texlive/texmf-dist/tex/latex/base/report.cls
Document Class: report 2014/09/29 v1.4h Standard LaTeX document class
(/usr/share/texlive/texmf-dist/tex/latex/base/size11.clo
File: size11.clo 2014/09/29 v1.4h Standard LaTeX file (size option)
)
\c@part=\count79
\c@chapter=\count80
\c@section=\count81
\c@subsection=\count82
\c@subsubsection=\count83
\c@paragraph=\count84
\c@subparagraph=\count85
\c@figure=\count86
\c@table=\count87
\abovecaptionskip=\skip41
\belowcaptionskip=\skip42
\bibindent=\dimen102
) (./Bridge.sty
(/usr/share/texlive/texmf-dist/tex/generic/babel/babel.sty
Package: babel 2016/02/24 3.9q The Babel package

(/usr/share/texlive/texmf-dist/tex/generic/babel-french/frenchb.ldf
Language: frenchb 2016/02/13 v3.1l French support from the babel system

(/usr/share/texlive/texmf-dist/tex/generic/babel/babel.def
File: babel.def 2016/02/24 3.9q Babel common definitions
\babel@savecnt=\count88
\U@D=\dimen103
)
\l@acadian = a dialect from \language\l@french 
\l@canadien = a dialect from \language\l@french 
\FBcolonskip=\skip43
\FBthinskip=\skip44
Package babel Info: Making : an active character on input line 342.
Package babel Info: Making ; an active character on input line 343.
Package babel Info: Making ! an active character on input line 344.
Package babel Info: Making ? an active character on input line 345.
\FBguillskip=\skip45
\FBguill@level=\count89
\FB@everypar=\toks14
\FB@Mht=\dimen104
\std@mcc=\count90
\dec@mcc=\count91
\listindentFB=\skip46
\labelwidthFB=\skip47
\leftmarginFB=\skip48
\parindentFFN=\dimen105
))
(/usr/share/texlive/texmf-dist/tex/latex/carlisle/scalefnt.sty)
(/usr/share/texlive/texmf-dist/tex/latex/graphics/keyval.sty
Package: keyval 2014/10/28 v1.15 key=value parser (DPC)
\KV@toks@=\toks15
)
(/usr/share/texlive/texmf-dist/tex/latex/base/inputenc.sty
Package: inputenc 2015/03/17 v1.2c Input encoding file
\inpenc@prehook=\toks16
\inpenc@posthook=\toks17

(/usr/share/texlive/texmf-dist/tex/latex/ucs/utf8x.def
File: utf8x.def 2004/10/17 UCS: Input encoding UTF-8
))
(/usr/share/texlive/texmf-dist/tex/latex/ucs/ucs.sty
Package: ucs 2013/05/11 v2.2 UCS: Unicode input support

(/usr/share/texlive/texmf-dist/tex/latex/ucs/data/uni-global.def
File: uni-global.def 2013/05/13 UCS: Unicode global data
)
\uc@secondtry=\count92
\uc@combtoks=\toks18
\uc@combtoksb=\toks19
\uc@temptokena=\toks20
)
(/usr/share/texlive/texmf-dist/tex/latex/base/fontenc.sty
Package: fontenc 2005/09/27 v1.99g Standard LaTeX package

(/usr/share/texlive/texmf-dist/tex/latex/base/t1enc.def
File: t1enc.def 2005/09/27 v1.99g Standard LaTeX file
LaTeX Font Info:    Redeclaring font encoding T1 on input line 48.
))
(/usr/share/texmf/tex/latex/lm/lmodern.sty
Package: lmodern 2009/10/30 v1.6 Latin Modern Fonts
LaTeX Font Info:    Overwriting symbol font `operators' in version `normal'
(Font)                  OT1/cmr/m/n --> OT1/lmr/m/n on input line 22.
LaTeX Font Info:    Overwriting symbol font `letters' in version `normal'
(Font)                  OML/cmm/m/it --> OML/lmm/m/it on input line 23.
LaTeX Font Info:    Overwriting symbol font `symbols' in version `normal'
(Font)                  OMS/cmsy/m/n --> OMS/lmsy/m/n on input line 24.
LaTeX Font Info:    Overwriting symbol font `largesymbols' in version `normal'
(Font)                  OMX/cmex/m/n --> OMX/lmex/m/n on input line 25.
LaTeX Font Info:    Overwriting symbol font `operators' in version `bold'
(Font)                  OT1/cmr/bx/n --> OT1/lmr/bx/n on input line 26.
LaTeX Font Info:    Overwriting symbol font `letters' in version `bold'
(Font)                  OML/cmm/b/it --> OML/lmm/b/it on input line 27.
LaTeX Font Info:    Overwriting symbol font `symbols' in version `bold'
(Font)                  OMS/cmsy/b/n --> OMS/lmsy/b/n on input line 28.
LaTeX Font Info:    Overwriting symbol font `largesymbols' in version `bold'
(Font)                  OMX/cmex/m/n --> OMX/lmex/m/n on input line 29.
LaTeX Font Info:    Overwriting math alphabet `\mathbf' in version `normal'
(Font)                  OT1/cmr/bx/n --> OT1/lmr/bx/n on input line 31.
LaTeX Font Info:    Overwriting math alphabet `\mathsf' in version `normal'
(Font)                  OT1/cmss/m/n --> OT1/lmss/m/n on input line 32.
LaTeX Font Info:    Overwriting math alphabet `\mathit' in version `normal'
(Font)                  OT1/cmr/m/it --> OT1/lmr/m/it on input line 33.
LaTeX Font Info:    Overwriting math alphabet `\mathtt' in version `normal'
(Font)                  OT1/cmtt/m/n --> OT1/lmtt/m/n on input line 34.
LaTeX Font Info:    Overwriting math alphabet `\mathbf' in version `bold'
(Font)                  OT1/cmr/bx/n --> OT1/lmr/bx/n on input line 35.
LaTeX Font Info:    Overwriting math alphabet `\mathsf' in version `bold'
(Font)                  OT1/cmss/bx/n --> OT1/lmss/bx/n on input line 36.
LaTeX Font Info:    Overwriting math alphabet `\mathit' in version `bold'
(Font)                  OT1/cmr/bx/it --> OT1/lmr/bx/it on input line 37.
LaTeX Font Info:    Overwriting math alphabet `\mathtt' in version `bold'
(Font)                  OT1/cmtt/m/n --> OT1/lmtt/m/n on input line 38.
)
(/usr/share/texlive/texmf-dist/tex/latex/tools/array.sty
Package: array 2014/10/28 v2.4c Tabular extension package (FMi)
\col@sep=\dimen106
\extrarowheight=\dimen107
\NC@list=\toks21
\extratabsurround=\skip49
\backup@length=\skip50
)
(/usr/share/texlive/texmf-dist/tex/latex/graphics/color.sty
Package: color 2016/01/03 v1.1b Standard LaTeX Color (DPC)

(/usr/share/texlive/texmf-dist/tex/latex/latexconfig/color.cfg
File: color.cfg 2007/01/18 v1.5 color configuration of teTeX/TeXLive
)
Package color Info: Driver file: pdftex.def on input line 143.

(/usr/share/texlive/texmf-dist/tex/latex/pdftex-def/pdftex.def
File: pdftex.def 2011/05/27 v0.06d Graphics/color for pdfTeX

(/usr/share/texlive/texmf-dist/tex/generic/oberdiek/infwarerr.sty
Package: infwarerr 2010/04/08 v1.3 Providing info/warning/error messages (HO)
)
(/usr/share/texlive/texmf-dist/tex/generic/oberdiek/ltxcmds.sty
Package: ltxcmds 2011/11/09 v1.22 LaTeX kernel commands for general use (HO)
)
\Gread@gobject=\count93
))
(/usr/share/texlive/texmf-dist/tex/latex/pdfpages/pdfpages.sty
Package: pdfpages 2015/09/18 v0.5d Insert pages of external PDF documents (AM)

(/usr/share/texlive/texmf-dist/tex/latex/base/ifthen.sty
Package: ifthen 2014/09/29 v1.1c Standard LaTeX ifthen package (DPC)
)
(/usr/share/texlive/texmf-dist/tex/latex/tools/calc.sty
Package: calc 2014/10/28 v4.3 Infix arithmetic (KKT,FJ)
\calc@Acount=\count94
\calc@Bcount=\count95
\calc@Adimen=\dimen108
\calc@Bdimen=\dimen109
\calc@Askip=\skip51
\calc@Bskip=\skip52
LaTeX Info: Redefining \setlength on input line 80.
LaTeX Info: Redefining \addtolength on input line 81.
\calc@Ccount=\count96
\calc@Cskip=\skip53
)
(/usr/share/texlive/texmf-dist/tex/latex/eso-pic/eso-pic.sty
Package: eso-pic 2015/07/21 v2.0g eso-pic (RN)

(/usr/share/texlive/texmf-dist/tex/generic/oberdiek/atbegshi.sty
Package: atbegshi 2011/10/05 v1.16 At begin shipout hook (HO)

(/usr/share/texlive/texmf-dist/tex/generic/oberdiek/ifpdf.sty
Package: ifpdf 2011/01/30 v2.3 Provides the ifpdf switch (HO)
Package ifpdf Info: pdfTeX in PDF mode is detected.
)))
(/usr/share/texlive/texmf-dist/tex/latex/graphics/graphicx.sty
Package: graphicx 2014/10/28 v1.0g Enhanced LaTeX Graphics (DPC,SPQR)

(/usr/share/texlive/texmf-dist/tex/latex/graphics/graphics.sty
Package: graphics 2016/01/03 v1.0q Standard LaTeX Graphics (DPC,SPQR)

(/usr/share/texlive/texmf-dist/tex/latex/graphics/trig.sty
Package: trig 2016/01/03 v1.10 sin cos tan (DPC)
)
(/usr/share/texlive/texmf-dist/tex/latex/latexconfig/graphics.cfg
File: graphics.cfg 2010/04/23 v1.9 graphics configuration of TeX Live
)
Package graphics Info: Driver file: pdftex.def on input line 95.
)
\Gin@req@height=\dimen110
\Gin@req@width=\dimen111
)
\AM@pagewidth=\dimen112
\AM@pageheight=\dimen113

(/usr/share/texlive/texmf-dist/tex/latex/pdfpages/pppdftex.def
File: pppdftex.def 2015/09/18 v0.5d Pdfpages driver for pdfTeX (AM)
)
\AM@pagebox=\box26
\AM@toc@title=\toks22
\c@AM@survey=\count97
\AM@templatesizebox=\box27
)
(/usr/share/texlive/texmf-dist/tex/latex/titlesec/titlesec.sty
Package: titlesec 2016/03/15 v2.10.1 Sectioning titles
\ttl@box=\box28
\beforetitleunit=\skip54
\aftertitleunit=\skip55
\ttl@plus=\dimen114
\ttl@minus=\dimen115
\ttl@toksa=\toks23
\titlewidth=\dimen116
\titlewidthlast=\dimen117
\titlewidthfirst=\dimen118
)
(/usr/share/texlive/texmf-dist/tex/latex/titlesec/titletoc.sty
Package: titletoc 2011/12/15 v1.6 TOC entries
\ttl@leftsep=\dimen119
)
(/usr/share/texlive/texmf-dist/tex/latex/geometry/geometry.sty
Package: geometry 2010/09/12 v5.6 Page Geometry

(/usr/share/texlive/texmf-dist/tex/generic/oberdiek/ifvtex.sty
Package: ifvtex 2010/03/01 v1.5 Detect VTeX and its facilities (HO)
Package ifvtex Info: VTeX not detected.
)
(/usr/share/texlive/texmf-dist/tex/generic/ifxetex/ifxetex.sty
Package: ifxetex 2010/09/12 v0.6 Provides ifxetex conditional
)
\Gm@cnth=\count98
\Gm@cntv=\count99
\c@Gm@tempcnt=\count100
\Gm@bindingoffset=\dimen120
\Gm@wd@mp=\dimen121
\Gm@odd@mp=\dimen122
\Gm@even@mp=\dimen123
\Gm@layoutwidth=\dimen124
\Gm@layoutheight=\dimen125
\Gm@layouthoffset=\dimen126
\Gm@layoutvoffset=\dimen127
\Gm@dimlist=\toks24
))
No file "Système Hugo".aux.
\openout1 = `"Système Hugo.aux"'.

LaTeX Font Info:    Checking defaults for OML/cmm/m/it on input line 4.
LaTeX Font Info:    ... okay on input line 4.
LaTeX Font Info:    Checking defaults for T1/cmr/m/n on input line 4.
LaTeX Font Info:    ... okay on input line 4.
LaTeX Font Info:    Checking defaults for OT1/cmr/m/n on input line 4.
LaTeX Font Info:    ... okay on input line 4.
LaTeX Font Info:    Checking defaults for OMS/cmsy/m/n on input line 4.
LaTeX Font Info:    ... okay on input line 4.
LaTeX Font Info:    Checking defaults for OMX/cmex/m/n on input line 4.
LaTeX Font Info:    ... okay on input line 4.
LaTeX Font Info:    Checking defaults for U/cmr/m/n on input line 4.
LaTeX Font Info:    ... okay on input line 4.
LaTeX Font Info:    Try loading font information for T1+lmr on input line 4.
(/usr/share/texmf/tex/latex/lm/t1lmr.fd
File: t1lmr.fd 2009/10/30 v1.6 Font defs for Latin Modern
)
LaTeX Info: Redefining \degres on input line 4.
LaTeX Info: Redefining \dots on input line 4.
LaTeX Info: Redefining \up on input line 4.

(/usr/share/texlive/texmf-dist/tex/latex/ucs/ucsencs.def
File: ucsencs.def 2011/01/21 Fixes to fontencodings LGR, T3
)
(/usr/share/texlive/texmf-dist/tex/context/base/supp-pdf.mkii
[Loading MPS to PDF converter (version 2006.09.02).]
\scratchcounter=\count101
\scratchdimen=\dimen128
\scratchbox=\box29
\nofMPsegments=\count102
\nofMParguments=\count103
\everyMPshowfont=\toks25
\MPscratchCnt=\count104
\MPscratchDim=\dimen129
\MPnumerator=\count105
\makeMPintoPDFobject=\count106
\everyMPtoPDFconversion=\toks26
)
\AtBeginShipoutBox=\box30
 (/usr/share/texlive/texmf-dist/tex/generic/oberdiek/pdftexcmds.sty
Package: pdftexcmds 2011/11/29 v0.20 Utility functions of pdfTeX for LuaTeX (HO
)

(/usr/share/texlive/texmf-dist/tex/generic/oberdiek/ifluatex.sty
Package: ifluatex 2010/03/01 v1.3 Provides the ifluatex switch (HO)
Package ifluatex Info: LuaTeX not detected.
)
Package pdftexcmds Info: LuaTeX not detected.
Package pdftexcmds Info: \pdf@primitive is available.
Package pdftexcmds Info: \pdf@ifprimitive is available.
Package pdftexcmds Info: \pdfdraftmode found.
)
(/usr/share/texlive/texmf-dist/tex/latex/oberdiek/epstopdf-base.sty
Package: epstopdf-base 2010/02/09 v2.5 Base part for package epstopdf

(/usr/share/texlive/texmf-dist/tex/latex/oberdiek/grfext.sty
Package: grfext 2010/08/19 v1.1 Manage graphics extensions (HO)

(/usr/share/texlive/texmf-dist/tex/generic/oberdiek/kvdefinekeys.sty
Package: kvdefinekeys 2011/04/07 v1.3 Define keys (HO)
))
(/usr/share/texlive/texmf-dist/tex/latex/oberdiek/kvoptions.sty
Package: kvoptions 2011/06/30 v3.11 Key value format for package options (HO)

(/usr/share/texlive/texmf-dist/tex/generic/oberdiek/kvsetkeys.sty
Package: kvsetkeys 2012/04/25 v1.16 Key value parser (HO)

(/usr/share/texlive/texmf-dist/tex/generic/oberdiek/etexcmds.sty
Package: etexcmds 2011/02/16 v1.5 Avoid name clashes with e-TeX commands (HO)
Package etexcmds Info: Could not find \expanded.
(etexcmds)             That can mean that you are not using pdfTeX 1.50 or
(etexcmds)             that some package has redefined \expanded.
(etexcmds)             In the latter case, load this package earlier.
)))
Package grfext Info: Graphics extension search list:
(grfext)             [.png,.pdf,.jpg,.mps,.jpeg,.jbig2,.jb2,.PNG,.PDF,.JPG,.JPE
G,.JBIG2,.JB2,.eps]
(grfext)             \AppendGraphicsExtensions on input line 452.

(/usr/share/texlive/texmf-dist/tex/latex/latexconfig/epstopdf-sys.cfg
File: epstopdf-sys.cfg 2010/07/13 v1.3 Configuration of (r)epstopdf for TeX Liv
e
))
(/usr/share/texlive/texmf-dist/tex/latex/oberdiek/pdflscape.sty
Package: pdflscape 2008/08/11 v0.10 Display of landscape pages in PDF (HO)

(/usr/share/texlive/texmf-dist/tex/latex/graphics/lscape.sty
Package: lscape 2000/10/22 v3.01 Landscape Pages (DPC)
)
Package pdflscape Info: Auto-detected driver: pdftex on input line 80.
)
*geometry* driver: auto-detecting
*geometry* detected driver: pdftex
*geometry* verbose mode - [ preamble ] result:
* driver: pdftex
* paper: a4paper
* layout: <same size as paper>
* layoutoffset:(h,v)=(0.0pt,0.0pt)
* modes: 
* h-part:(L,W,R)=(56.9055pt, 483.69687pt, 56.9055pt)
* v-part:(T,H,B)=(42.67912pt, 759.6886pt, 42.67912pt)
* \paperwidth=597.50787pt
* \paperheight=845.04684pt
* \textwidth=483.69687pt
* \textheight=759.6886pt
* \oddsidemargin=-15.36449pt
* \evensidemargin=-15.36449pt
* \topmargin=-66.59087pt
* \headheight=12.0pt
* \headsep=25.0pt
* \topskip=11.0pt
* \footskip=30.0pt
* \marginparwidth=50.0pt
* \marginparsep=10.0pt
* \columnsep=10.0pt
* \skip\footins=10.0pt plus 4.0pt minus 2.0pt
* \hoffset=0.0pt
* \voffset=0.0pt
* \mag=1000
* \@twocolumnfalse
* \@twosidefalse
* \@mparswitchfalse
* \@reversemarginfalse
* (1in=72.27pt=25.4mm, 1cm=28.453pt)

Chapitre \leavevmode{\color {red}I]}.
LaTeX Font Info:    Try loading font information for OT1+lmr on input line 5.
(/usr/share/texmf/tex/latex/lm/ot1lmr.fd
File: ot1lmr.fd 2009/10/30 v1.6 Font defs for Latin Modern
)
LaTeX Font Info:    Try loading font information for OML+lmm on input line 5.

(/usr/share/texmf/tex/latex/lm/omllmm.fd
File: omllmm.fd 2009/10/30 v1.6 Font defs for Latin Modern
)
LaTeX Font Info:    Try loading font information for OMS+lmsy on input line 5.

(/usr/share/texmf/tex/latex/lm/omslmsy.fd
File: omslmsy.fd 2009/10/30 v1.6 Font defs for Latin Modern
)
LaTeX Font Info:    Try loading font information for OMX+lmex on input line 5.

(/usr/share/texmf/tex/latex/lm/omxlmex.fd
File: omxlmex.fd 2009/10/30 v1.6 Font defs for Latin Modern
)
LaTeX Font Info:    External font `lmex10' loaded for size
(Font)              <20.74> on input line 5.
LaTeX Font Info:    External font `lmex10' loaded for size
(Font)              <14.4> on input line 5.
LaTeX Font Info:    External font `lmex10' loaded for size
(Font)              <12> on input line 5.
LaTeX Font Info:    External font `lmex10' loaded for size
(Font)              <10> on input line 6.
LaTeX Font Info:    External font `lmex10' loaded for size
(Font)              <7> on input line 6.

(/usr/share/texlive/texmf-dist/tex/latex/ucs/data/uni-0.def
File: uni-0.def 2013/05/13 UCS: Unicode data U+0000..U+00FF
)
LaTeX Font Info:    External font `lmex10' loaded for size
(Font)              <10.95> on input line 7.
LaTeX Font Info:    External font `lmex10' loaded for size
(Font)              <8> on input line 7.
LaTeX Font Info:    External font `lmex10' loaded for size
(Font)              <6> on input line 7.

Underfull \hbox (badness 10000) in paragraph at lines 7--20

 []


Underfull \hbox (badness 10000) in paragraph at lines 7--20

 []


Underfull \hbox (badness 10000) in paragraph at lines 23--30

 []


Underfull \hbox (badness 10000) in paragraph at lines 36--41

 []


Underfull \hbox (badness 10000) in paragraph at lines 42--43

 []


Underfull \hbox (badness 10000) in paragraph at lines 46--51

 []


Underfull \hbox (badness 10000) in paragraph at lines 46--51

 []


Underfull \hbox (badness 10000) in paragraph at lines 52--58

 []

[1


{/var/lib/texmf/fonts/map/pdftex/updmap/pdftex.map}]
Underfull \hbox (badness 10000) in paragraph at lines 62--67

 []


Underfull \hbox (badness 10000) in paragraph at lines 62--67

 []


Underfull \hbox (badness 10000) in paragraph at lines 68--76

 []


Underfull \hbox (badness 10000) in paragraph at lines 78--87

 []


Underfull \hbox (badness 10000) in paragraph at lines 78--87

 []


Underfull \hbox (badness 10000) in paragraph at lines 88--98

 []


Underfull \hbox (badness 10000) in paragraph at lines 88--98

 []

[2]

LaTeX Warning: Command \` invalid in math mode on input line 111.


Underfull \hbox (badness 10000) in paragraph at lines 111--112

 []


LaTeX Warning: Command \` invalid in math mode on input line 118.


Underfull \hbox (badness 10000) in paragraph at lines 113--121

 []


Underfull \hbox (badness 10000) in paragraph at lines 113--121

 []


Underfull \hbox (badness 10000) in paragraph at lines 122--129

 []


Underfull \hbox (badness 10000) in paragraph at lines 122--129

 []


LaTeX Warning: Command \` invalid in math mode on input line 134.


Underfull \hbox (badness 10000) in paragraph at lines 130--138

 []


Underfull \hbox (badness 10000) in paragraph at lines 130--138

 []


Underfull \hbox (badness 10000) in paragraph at lines 139--146

 []


Underfull \hbox (badness 10000) in paragraph at lines 139--146

 []


LaTeX Warning: Command \` invalid in math mode on input line 154.


Underfull \hbox (badness 10000) in paragraph at lines 148--156

 []


Underfull \hbox (badness 10000) in paragraph at lines 148--156

 []


Underfull \hbox (badness 10000) in paragraph at lines 157--163

 []


Underfull \hbox (badness 10000) in paragraph at lines 157--163

 []


Underfull \hbox (badness 10000) in paragraph at lines 164--169

 []


Underfull \hbox (badness 10000) in paragraph at lines 164--169

 []

[3]
Underfull \hbox (badness 10000) in paragraph at lines 177--178

 []


Underfull \hbox (badness 10000) in paragraph at lines 180--190

 []


Underfull \hbox (badness 10000) in paragraph at lines 180--190

 []


Underfull \hbox (badness 10000) in paragraph at lines 199--200

 []


LaTeX Warning: Command \` invalid in math mode on input line 202.


Underfull \hbox (badness 10000) in paragraph at lines 208--209

 []


Underfull \hbox (badness 10000) in paragraph at lines 212--213

 []


Underfull \hbox (badness 10000) in paragraph at lines 218--219

 []


Underfull \hbox (badness 10000) in paragraph at lines 222--229

 []


Underfull \hbox (badness 10000) in paragraph at lines 222--229

 []


Underfull \hbox (badness 10000) in paragraph at lines 230--235

 []


Underfull \hbox (badness 10000) in paragraph at lines 230--235

 []


Underfull \hbox (badness 10000) in paragraph at lines 236--240

 []


Underfull \hbox (badness 10000) in paragraph at lines 236--240

 []


Underfull \hbox (badness 10000) in paragraph at lines 241--242

 []

[4]
Chapitre \leavevmode{\color {red}II]}.

Underfull \hbox (badness 10000) in paragraph at lines 245--255

 []


Underfull \hbox (badness 10000) in paragraph at lines 258--263

 []


Underfull \hbox (badness 10000) in paragraph at lines 258--263

 []


Underfull \hbox (badness 10000) in paragraph at lines 264--269

 []


Underfull \hbox (badness 10000) in paragraph at lines 264--269

 []


Underfull \hbox (badness 10000) in paragraph at lines 271--272

 []


Underfull \hbox (badness 10000) in paragraph at lines 273--279

 []


Underfull \hbox (badness 10000) in paragraph at lines 273--279

 []

[5

]
Chapitre \leavevmode{\color {red}III]}.

Underfull \hbox (badness 10000) in paragraph at lines 282--293

 []


Underfull \hbox (badness 10000) in paragraph at lines 282--293

 []


Underfull \hbox (badness 10000) in paragraph at lines 299--300

 []


Underfull \hbox (badness 10000) in paragraph at lines 304--305

 []


Underfull \hbox (badness 10000) in paragraph at lines 306--308

 []


LaTeX Warning: Command \` invalid in math mode on input line 310.


Underfull \hbox (badness 10000) in paragraph at lines 309--311

 []


LaTeX Warning: Command \` invalid in math mode on input line 312.


LaTeX Warning: Command \` invalid in math mode on input line 313.


Underfull \hbox (badness 10000) in paragraph at lines 312--314

 []


Underfull \hbox (badness 10000) in paragraph at lines 324--325

 []


Underfull \hbox (badness 10000) in paragraph at lines 327--331

 []


Underfull \hbox (badness 10000) in paragraph at lines 327--331

 []


Underfull \hbox (badness 10000) in paragraph at lines 332--337

 []

[6

]
Chapitre \leavevmode{\color {red}IV]}.

Underfull \hbox (badness 10000) in paragraph at lines 340--341

 []


Underfull \hbox (badness 10000) in paragraph at lines 342--351

 []


Underfull \hbox (badness 10000) in paragraph at lines 342--351

 []


Underfull \hbox (badness 10000) in paragraph at lines 352--357

 []


Underfull \hbox (badness 10000) in paragraph at lines 352--357

 []


Underfull \hbox (badness 10000) in paragraph at lines 358--365

 []


Underfull \hbox (badness 10000) in paragraph at lines 358--365

 []


Underfull \hbox (badness 10000) in paragraph at lines 366--378

 []


Underfull \hbox (badness 10000) in paragraph at lines 380--381

 []


Underfull \hbox (badness 10000) in paragraph at lines 382--388

 []


Underfull \hbox (badness 10000) in paragraph at lines 382--388

 []


Underfull \hbox (badness 10000) in paragraph at lines 389--400

 []


Underfull \hbox (badness 10000) in paragraph at lines 402--403

 []

[7

]
Underfull \hbox (badness 10000) in paragraph at lines 404--412

 []


Underfull \hbox (badness 10000) in paragraph at lines 404--412

 []


Underfull \hbox (badness 10000) in paragraph at lines 413--420

 []


Underfull \hbox (badness 10000) in paragraph at lines 413--420

 []


Underfull \hbox (badness 10000) in paragraph at lines 425--426

 []


LaTeX Warning: Command \` invalid in math mode on input line 428.


Underfull \hbox (badness 10000) in paragraph at lines 428--429

 []


Underfull \hbox (badness 10000) in paragraph at lines 431--437

 []


Underfull \hbox (badness 10000) in paragraph at lines 431--437

 []


Underfull \hbox (badness 10000) in paragraph at lines 438--444

 []


Underfull \hbox (badness 10000) in paragraph at lines 438--444

 []


Underfull \hbox (badness 10000) in paragraph at lines 448--449

 []


Underfull \hbox (badness 10000) in paragraph at lines 450--458

 []

[8]
Chapitre \leavevmode{\color {red}V]}.

Underfull \hbox (badness 10000) in paragraph at lines 461--473

 []


Underfull \hbox (badness 10000) in paragraph at lines 461--473

 []


Underfull \hbox (badness 10000) in paragraph at lines 474--475

 []


Underfull \hbox (badness 10000) in paragraph at lines 485--486

 []


Underfull \hbox (badness 10000) in paragraph at lines 489--490

 []


Underfull \hbox (badness 10000) in paragraph at lines 492--496

 []


Underfull \hbox (badness 10000) in paragraph at lines 492--496

 []


Underfull \hbox (badness 10000) in paragraph at lines 497--502

 []


Underfull \hbox (badness 10000) in paragraph at lines 497--502

 []


Underfull \hbox (badness 10000) in paragraph at lines 504--505

 []


Underfull \hbox (badness 10000) in paragraph at lines 506--516

 []


Underfull \hbox (badness 10000) in paragraph at lines 506--516

 []


Underfull \hbox (badness 10000) in paragraph at lines 517--525

 []

[9

]
Underfull \hbox (badness 10000) in paragraph at lines 529--538

 []


Underfull \hbox (badness 10000) in paragraph at lines 539--546

 []


Underfull \hbox (badness 10000) in paragraph at lines 539--546

 []


Underfull \hbox (badness 10000) in paragraph at lines 549--550

 []


Underfull \hbox (badness 10000) in paragraph at lines 554--560

 []


Underfull \hbox (badness 10000) in paragraph at lines 562--570

 []


Underfull \hbox (badness 10000) in paragraph at lines 571--578

 []


Underfull \hbox (badness 10000) in paragraph at lines 571--578

 []


Underfull \hbox (badness 10000) in paragraph at lines 579--587

 []


Underfull \hbox (badness 10000) in paragraph at lines 579--587

 []

[10]
Underfull \hbox (badness 10000) in paragraph at lines 594--599

 []


Underfull \hbox (badness 10000) in paragraph at lines 594--599

 []


Underfull \hbox (badness 10000) in paragraph at lines 602--613

 []


Underfull \hbox (badness 10000) in paragraph at lines 602--613

 []


LaTeX Warning: Command \` invalid in math mode on input line 619.


Underfull \hbox (badness 10000) in paragraph at lines 614--623

 []


Underfull \hbox (badness 10000) in paragraph at lines 614--623

 []


LaTeX Warning: Command \` invalid in math mode on input line 627.


Underfull \hbox (badness 10000) in paragraph at lines 624--631

 []


Underfull \hbox (badness 10000) in paragraph at lines 624--631

 []


Underfull \hbox (badness 10000) in paragraph at lines 634--646

 []

[11]
Chapitre \leavevmode{\color {red}VI]}.

Underfull \hbox (badness 10000) in paragraph at lines 665--671

 []


LaTeX Warning: Command \` invalid in math mode on input line 676.


LaTeX Warning: Command \` invalid in math mode on input line 676.


LaTeX Warning: Command \` invalid in math mode on input line 677.


Underfull \hbox (badness 10000) in paragraph at lines 672--681

 []


Underfull \hbox (badness 10000) in paragraph at lines 672--681

 []


Underfull \hbox (badness 10000) in paragraph at lines 682--692

 []


Underfull \hbox (badness 10000) in paragraph at lines 682--692

 []


Underfull \hbox (badness 10000) in paragraph at lines 693--698

 []


Underfull \hbox (badness 10000) in paragraph at lines 693--698

 []


LaTeX Warning: Command \` invalid in math mode on input line 703.


LaTeX Warning: Command \` invalid in math mode on input line 703.


LaTeX Warning: Command \` invalid in math mode on input line 704.


LaTeX Warning: Command \` invalid in math mode on input line 706.


Underfull \hbox (badness 10000) in paragraph at lines 699--709

 []


Underfull \hbox (badness 10000) in paragraph at lines 699--709

 []


Underfull \hbox (badness 10000) in paragraph at lines 711--720

 []


Underfull \hbox (badness 10000) in paragraph at lines 711--720

 []


Underfull \hbox (badness 10000) in paragraph at lines 721--727

 []


Underfull \hbox (badness 10000) in paragraph at lines 729--737

 []


Underfull \hbox (badness 10000) in paragraph at lines 729--737

 []

[12

]
Underfull \hbox (badness 10000) in paragraph at lines 738--745

 []


Underfull \hbox (badness 10000) in paragraph at lines 738--745

 []


Underfull \hbox (badness 10000) in paragraph at lines 746--755

 []


Underfull \hbox (badness 10000) in paragraph at lines 757--763

 []


Underfull \hbox (badness 10000) in paragraph at lines 757--763

 []


Underfull \hbox (badness 10000) in paragraph at lines 765--768

 []


Underfull \hbox (badness 10000) in paragraph at lines 769--774

 []


Underfull \hbox (badness 10000) in paragraph at lines 769--774

 []


Underfull \hbox (badness 10000) in paragraph at lines 775--779

 []


Underfull \hbox (badness 10000) in paragraph at lines 775--779

 []


Underfull \hbox (badness 10000) in paragraph at lines 780--785

 []

[13]

LaTeX Warning: Command \` invalid in math mode on input line 790.


Underfull \hbox (badness 10000) in paragraph at lines 788--796

 []


Underfull \hbox (badness 10000) in paragraph at lines 788--796

 []


Underfull \hbox (badness 10000) in paragraph at lines 797--805

 []


Underfull \hbox (badness 10000) in paragraph at lines 797--805

 []


Underfull \hbox (badness 10000) in paragraph at lines 806--813

 []


Underfull \hbox (badness 10000) in paragraph at lines 806--813

 []


Underfull \hbox (badness 10000) in paragraph at lines 814--822

 []


Underfull \hbox (badness 10000) in paragraph at lines 814--822

 []


Underfull \hbox (badness 10000) in paragraph at lines 823--830

 []


Underfull \hbox (badness 10000) in paragraph at lines 823--830

 []


Underfull \hbox (badness 10000) in paragraph at lines 831--840

 []

[14]
Underfull \hbox (badness 10000) in paragraph at lines 844--850

 []


Underfull \hbox (badness 10000) in paragraph at lines 844--850

 []


Underfull \hbox (badness 10000) in paragraph at lines 851--858

 []


Underfull \hbox (badness 10000) in paragraph at lines 851--858

 []


Underfull \hbox (badness 10000) in paragraph at lines 859--860

 []


Underfull \hbox (badness 10000) in paragraph at lines 861--869

 []


Underfull \hbox (badness 10000) in paragraph at lines 861--869

 []


Underfull \hbox (badness 10000) in paragraph at lines 871--876

 []


Underfull \hbox (badness 10000) in paragraph at lines 877--884

 []


Underfull \hbox (badness 10000) in paragraph at lines 877--884

 []


Underfull \hbox (badness 10000) in paragraph at lines 885--886

 []


Underfull \hbox (badness 10000) in paragraph at lines 887--888

 []


Underfull \hbox (badness 10000) in paragraph at lines 898--900

 []

[15]
Chapitre \leavevmode{\color {red}VII]}.

LaTeX Warning: Command \` invalid in math mode on input line 903.


LaTeX Warning: Command \` invalid in math mode on input line 903.


LaTeX Warning: Command \` invalid in math mode on input line 909.


Underfull \hbox (badness 10000) in paragraph at lines 905--914

 []


Underfull \hbox (badness 10000) in paragraph at lines 921--922

 []


Underfull \hbox (badness 10000) in paragraph at lines 925--933

 []


LaTeX Warning: Command \` invalid in math mode on input line 935.


Underfull \hbox (badness 10000) in paragraph at lines 934--939

 []


Underfull \hbox (badness 10000) in paragraph at lines 934--939

 []


Underfull \hbox (badness 10000) in paragraph at lines 940--947

 []


Underfull \hbox (badness 10000) in paragraph at lines 940--947

 []


Underfull \hbox (badness 10000) in paragraph at lines 953--954

 []


Underfull \hbox (badness 10000) in paragraph at lines 956--957

 []


LaTeX Warning: Command \` invalid in math mode on input line 958.


Underfull \hbox (badness 10000) in paragraph at lines 962--963

 []


LaTeX Warning: Command \` invalid in math mode on input line 965.

[16

]
Underfull \hbox (badness 10000) in paragraph at lines 972--981

 []


Underfull \hbox (badness 10000) in paragraph at lines 972--981

 []


Underfull \hbox (badness 10000) in paragraph at lines 982--990

 []


Underfull \hbox (badness 10000) in paragraph at lines 982--990

 []


LaTeX Warning: Command \` invalid in math mode on input line 992.


LaTeX Warning: Command \` invalid in math mode on input line 994.


Underfull \hbox (badness 10000) in paragraph at lines 991--998

 []


Underfull \hbox (badness 10000) in paragraph at lines 991--998

 []


Underfull \hbox (badness 10000) in paragraph at lines 999--1007

 []


Underfull \hbox (badness 10000) in paragraph at lines 999--1007

 []


Underfull \hbox (badness 10000) in paragraph at lines 1009--1018

 []


Underfull \hbox (badness 10000) in paragraph at lines 1009--1018

 []


Underfull \hbox (badness 10000) in paragraph at lines 1019--1028

 []


Underfull \hbox (badness 10000) in paragraph at lines 1029--1037

 []


Underfull \hbox (badness 10000) in paragraph at lines 1029--1037

 []

[17]
Chapitre \leavevmode{\color {red}VIII]}.

Underfull \hbox (badness 10000) in paragraph at lines 1041--1044

 []


LaTeX Warning: Command \` invalid in math mode on input line 1050.


LaTeX Warning: Command \` invalid in math mode on input line 1051.


LaTeX Warning: Command \` invalid in math mode on input line 1052.


LaTeX Warning: Command \` invalid in math mode on input line 1053.


Underfull \hbox (badness 10000) in paragraph at lines 1053--1054

 []


LaTeX Warning: Command \` invalid in math mode on input line 1061.


LaTeX Warning: Command \` invalid in math mode on input line 1062.


LaTeX Warning: Command \` invalid in math mode on input line 1063.


Underfull \hbox (badness 10000) in paragraph at lines 1063--1064

 []


Underfull \hbox (badness 10000) in paragraph at lines 1071--1072

 []


Underfull \hbox (badness 10000) in paragraph at lines 1075--1076

 []


LaTeX Warning: Command \` invalid in math mode on input line 1082.


LaTeX Warning: Command \` invalid in math mode on input line 1083.


LaTeX Warning: Command \` invalid in math mode on input line 1084.


LaTeX Warning: Command \` invalid in math mode on input line 1085.


LaTeX Warning: Command \` invalid in math mode on input line 1087.


Underfull \hbox (badness 10000) in paragraph at lines 1079--1088

 []


LaTeX Warning: Command \` invalid in math mode on input line 1092.


LaTeX Warning: Command \` invalid in math mode on input line 1093.


LaTeX Warning: Command \` invalid in math mode on input line 1094.


LaTeX Warning: Command \` invalid in math mode on input line 1096.


Underfull \hbox (badness 10000) in paragraph at lines 1089--1097

 []

[18

]
Underfull \hbox (badness 10000) in paragraph at lines 1100--1114

 []


Underfull \hbox (badness 10000) in paragraph at lines 1115--1125

 []


Underfull \hbox (badness 10000) in paragraph at lines 1126--1138

 []


Underfull \hbox (badness 10000) in paragraph at lines 1126--1138

 []


Underfull \hbox (badness 10000) in paragraph at lines 1140--1150

 []


Underfull \hbox (badness 10000) in paragraph at lines 1151--1156

 []


Underfull \hbox (badness 10000) in paragraph at lines 1151--1156

 []

[19]
Chapitre \leavevmode{\color {red}IX]}.

Underfull \hbox (badness 10000) in paragraph at lines 1178--1179

 []


Underfull \hbox (badness 10000) in paragraph at lines 1184--1185

 []


Underfull \hbox (badness 10000) in paragraph at lines 1195--1196

 []


Underfull \hbox (badness 10000) in paragraph at lines 1204--1205

 []


Underfull \hbox (badness 10000) in paragraph at lines 1212--1213

 []


Underfull \hbox (badness 10000) in paragraph at lines 1214--1215

 []


Underfull \hbox (badness 10000) in paragraph at lines 1221--1222

 []


Underfull \hbox (badness 10000) in paragraph at lines 1225--1226

 []


Underfull \hbox (badness 10000) in paragraph at lines 1236--1237

 []

[20

] (./Système Hugo.aux) ) 
Here is how much of TeX's memory you used:
 5440 strings out of 493029
 77628 string characters out of 6136234
 167310 words of memory out of 5000000
 8861 multiletter control sequences out of 15000+600000
 56035 words of font info for 48 fonts, out of 8000000 for 9000
 1141 hyphenation exceptions out of 8191
 39i,8n,41p,419b,617s stack positions out of 5000i,500n,10000p,200000b,80000s
{/usr/share/texmf/fonts/enc/dvips/lm/lm-mathsy.enc}{/u
sr/share/texmf/fonts/enc/dvips/lm/lm-ec.enc}{/usr/share/texmf/fonts/enc/dvips/l
m/lm-rm.enc}{/usr/share/texmf/fonts/enc/dvips/lm/lm-mathit.enc}</usr/share/texm
f/fonts/type1/public/lm/lmbx10.pfb></usr/share/texmf/fonts/type1/public/lm/lmbx
12.pfb></usr/share/texmf/fonts/type1/public/lm/lmmi10.pfb></usr/share/texmf/fon
ts/type1/public/lm/lmmi8.pfb></usr/share/texmf/fonts/type1/public/lm/lmr10.pfb>
</usr/share/texmf/fonts/type1/public/lm/lmr8.pfb></usr/share/texmf/fonts/type1/
public/lm/lmri10.pfb></usr/share/texmf/fonts/type1/public/lm/lmsy10.pfb></usr/s
hare/texmf/fonts/type1/public/lm/lmsy8.pfb>
Output written on "Système Hugo.pdf" (20 pages, 188342 bytes).
PDF statistics:
 111 PDF objects out of 1000 (max. 8388607)
 79 compressed objects within 1 object stream
 0 named destinations out of 1000 (max. 500000)
 1 words of extra memory for PDF output out of 10000 (max. 10000000)

