This is pdfTeX, Version 3.14159265-2.6-1.40.19 (TeX Live 2018) (preloaded format=pdflatex 2018.7.25)  10 DEC 2018 23:43
entering extended mode
 restricted \write18 enabled.
 %&-line parsing enabled.
**"Système Flo.tex"
(./Système Flo.tex
LaTeX2e <2018-04-01> patch level 2
Babel <3.18> and hyphenation patterns for 84 language(s) loaded.
(/usr/local/texlive/2018/texmf-dist/tex/latex/base/report.cls
Document Class: report 2014/09/29 v1.4h Standard LaTeX document class
(/usr/local/texlive/2018/texmf-dist/tex/latex/base/size11.clo
File: size11.clo 2014/09/29 v1.4h Standard LaTeX file (size option)
)
\c@part=\count80
\c@chapter=\count81
\c@section=\count82
\c@subsection=\count83
\c@subsubsection=\count84
\c@paragraph=\count85
\c@subparagraph=\count86
\c@figure=\count87
\c@table=\count88
\abovecaptionskip=\skip41
\belowcaptionskip=\skip42
\bibindent=\dimen102
) (./Bridge.sty
(/usr/local/texlive/2018/texmf-dist/tex/generic/babel/babel.sty
Package: babel 2018/02/14 3.18 The Babel package

(/usr/local/texlive/2018/texmf-dist/tex/generic/babel/switch.def
File: switch.def 2018/02/14 3.18 Babel switching mechanism
)
(/usr/local/texlive/2018/texmf-dist/tex/generic/babel-french/frenchb.ldf
Language: frenchb 2018/03/25 v3.4c French support from the babel system


Package babel-french Warning: Option `frenchb' for Babel is *deprecated*,
(babel-french)                it might be removed sooner or later. Please
(babel-french)                use `french' instead; reported on input line 35.

(/usr/local/texlive/2018/texmf-dist/tex/generic/babel-french/french.ldf
Language: french 2018/03/25 v3.4c French support from the babel system

(/usr/local/texlive/2018/texmf-dist/tex/generic/babel/babel.def
File: babel.def 2018/02/14 3.18 Babel common definitions
\babel@savecnt=\count89
\U@D=\dimen103

(/usr/local/texlive/2018/texmf-dist/tex/generic/babel/txtbabel.def)
\bbl@dirlevel=\count90
)
\l@acadian = a dialect from \language\l@french 
\FB@nonchar=\count91
Package babel Info: Making : an active character on input line 415.
Package babel Info: Making ; an active character on input line 416.
Package babel Info: Making ! an active character on input line 417.
Package babel Info: Making ? an active character on input line 418.
\FBguill@level=\count92
\FB@everypar=\toks14
\FB@Mht=\dimen104
\mc@charclass=\count93
\mc@charfam=\count94
\mc@charslot=\count95
\std@mcc=\count96
\dec@mcc=\count97
\c@FBcaption@count=\count98
\listindentFB=\skip43
\descindentFB=\skip44
\labelwidthFB=\skip45
\leftmarginFB=\skip46
\parindentFFN=\dimen105
\FBfnindent=\skip47
)))
(/usr/local/texlive/2018/texmf-dist/tex/latex/carlisle/scalefnt.sty)
(/usr/local/texlive/2018/texmf-dist/tex/latex/graphics/keyval.sty
Package: keyval 2014/10/28 v1.15 key=value parser (DPC)
\KV@toks@=\toks15
)
(/usr/local/texlive/2018/texmf-dist/tex/latex/base/inputenc.sty
Package: inputenc 2018/04/06 v1.3b Input encoding file
\inpenc@prehook=\toks16
\inpenc@posthook=\toks17

(/usr/local/texlive/2018/texmf-dist/tex/latex/ucs/utf8x.def
File: utf8x.def 2004/10/17 UCS: Input encoding UTF-8
))
(/usr/local/texlive/2018/texmf-dist/tex/latex/ucs/ucs.sty
Package: ucs 2013/05/11 v2.2 UCS: Unicode input support

(/usr/local/texlive/2018/texmf-dist/tex/latex/ucs/data/uni-global.def
File: uni-global.def 2013/05/13 UCS: Unicode global data
)
\uc@secondtry=\count99
\uc@combtoks=\toks18
\uc@combtoksb=\toks19
\uc@temptokena=\toks20
)
(/usr/local/texlive/2018/texmf-dist/tex/latex/base/fontenc.sty
Package: fontenc 2017/04/05 v2.0i Standard LaTeX package

(/usr/local/texlive/2018/texmf-dist/tex/latex/base/t1enc.def
File: t1enc.def 2017/04/05 v2.0i Standard LaTeX file
LaTeX Font Info:    Redeclaring font encoding T1 on input line 48.
))
(/usr/local/texlive/2018/texmf-dist/tex/latex/lm/lmodern.sty
Package: lmodern 2009/10/30 v1.6 Latin Modern Fonts
LaTeX Font Info:    Overwriting symbol font `operators' in version `normal'
(Font)                  OT1/cmr/m/n --> OT1/lmr/m/n on input line 22.
LaTeX Font Info:    Overwriting symbol font `letters' in version `normal'
(Font)                  OML/cmm/m/it --> OML/lmm/m/it on input line 23.
LaTeX Font Info:    Overwriting symbol font `symbols' in version `normal'
(Font)                  OMS/cmsy/m/n --> OMS/lmsy/m/n on input line 24.
LaTeX Font Info:    Overwriting symbol font `largesymbols' in version `normal'
(Font)                  OMX/cmex/m/n --> OMX/lmex/m/n on input line 25.
LaTeX Font Info:    Overwriting symbol font `operators' in version `bold'
(Font)                  OT1/cmr/bx/n --> OT1/lmr/bx/n on input line 26.
LaTeX Font Info:    Overwriting symbol font `letters' in version `bold'
(Font)                  OML/cmm/b/it --> OML/lmm/b/it on input line 27.
LaTeX Font Info:    Overwriting symbol font `symbols' in version `bold'
(Font)                  OMS/cmsy/b/n --> OMS/lmsy/b/n on input line 28.
LaTeX Font Info:    Overwriting symbol font `largesymbols' in version `bold'
(Font)                  OMX/cmex/m/n --> OMX/lmex/m/n on input line 29.
LaTeX Font Info:    Overwriting math alphabet `\mathbf' in version `normal'
(Font)                  OT1/cmr/bx/n --> OT1/lmr/bx/n on input line 31.
LaTeX Font Info:    Overwriting math alphabet `\mathsf' in version `normal'
(Font)                  OT1/cmss/m/n --> OT1/lmss/m/n on input line 32.
LaTeX Font Info:    Overwriting math alphabet `\mathit' in version `normal'
(Font)                  OT1/cmr/m/it --> OT1/lmr/m/it on input line 33.
LaTeX Font Info:    Overwriting math alphabet `\mathtt' in version `normal'
(Font)                  OT1/cmtt/m/n --> OT1/lmtt/m/n on input line 34.
LaTeX Font Info:    Overwriting math alphabet `\mathbf' in version `bold'
(Font)                  OT1/cmr/bx/n --> OT1/lmr/bx/n on input line 35.
LaTeX Font Info:    Overwriting math alphabet `\mathsf' in version `bold'
(Font)                  OT1/cmss/bx/n --> OT1/lmss/bx/n on input line 36.
LaTeX Font Info:    Overwriting math alphabet `\mathit' in version `bold'
(Font)                  OT1/cmr/bx/it --> OT1/lmr/bx/it on input line 37.
LaTeX Font Info:    Overwriting math alphabet `\mathtt' in version `bold'
(Font)                  OT1/cmtt/m/n --> OT1/lmtt/m/n on input line 38.
)
(/usr/local/texlive/2018/texmf-dist/tex/latex/tools/array.sty
Package: array 2018/04/07 v2.4g Tabular extension package (FMi)
\col@sep=\dimen106
\ar@mcellbox=\box26
\extrarowheight=\dimen107
\NC@list=\toks21
\extratabsurround=\skip48
\backup@length=\skip49
\ar@cellbox=\box27
)
(/usr/local/texlive/2018/texmf-dist/tex/latex/graphics/color.sty
Package: color 2016/07/10 v1.1e Standard LaTeX Color (DPC)

(/usr/local/texlive/2018/texmf-dist/tex/latex/graphics-cfg/color.cfg
File: color.cfg 2016/01/02 v1.6 sample color configuration
)
Package color Info: Driver file: pdftex.def on input line 147.

(/usr/local/texlive/2018/texmf-dist/tex/latex/graphics-def/pdftex.def
File: pdftex.def 2018/01/08 v1.0l Graphics/color driver for pdftex
))
(/usr/local/texlive/2018/texmf-dist/tex/latex/pdfpages/pdfpages.sty
Package: pdfpages 2017/10/31 v0.5l Insert pages of external PDF documents (AM)

(/usr/local/texlive/2018/texmf-dist/tex/latex/base/ifthen.sty
Package: ifthen 2014/09/29 v1.1c Standard LaTeX ifthen package (DPC)
)
(/usr/local/texlive/2018/texmf-dist/tex/latex/tools/calc.sty
Package: calc 2017/05/25 v4.3 Infix arithmetic (KKT,FJ)
\calc@Acount=\count100
\calc@Bcount=\count101
\calc@Adimen=\dimen108
\calc@Bdimen=\dimen109
\calc@Askip=\skip50
\calc@Bskip=\skip51
LaTeX Info: Redefining \setlength on input line 80.
LaTeX Info: Redefining \addtolength on input line 81.
\calc@Ccount=\count102
\calc@Cskip=\skip52
)
(/usr/local/texlive/2018/texmf-dist/tex/latex/eso-pic/eso-pic.sty
Package: eso-pic 2015/07/21 v2.0g eso-pic (RN)

(/usr/local/texlive/2018/texmf-dist/tex/generic/oberdiek/atbegshi.sty
Package: atbegshi 2016/06/09 v1.18 At begin shipout hook (HO)

(/usr/local/texlive/2018/texmf-dist/tex/generic/oberdiek/infwarerr.sty
Package: infwarerr 2016/05/16 v1.4 Providing info/warning/error messages (HO)
)
(/usr/local/texlive/2018/texmf-dist/tex/generic/oberdiek/ltxcmds.sty
Package: ltxcmds 2016/05/16 v1.23 LaTeX kernel commands for general use (HO)
)
(/usr/local/texlive/2018/texmf-dist/tex/generic/oberdiek/ifpdf.sty
Package: ifpdf 2017/03/15 v3.2 Provides the ifpdf switch
)))
(/usr/local/texlive/2018/texmf-dist/tex/latex/graphics/graphicx.sty
Package: graphicx 2017/06/01 v1.1a Enhanced LaTeX Graphics (DPC,SPQR)

(/usr/local/texlive/2018/texmf-dist/tex/latex/graphics/graphics.sty
Package: graphics 2017/06/25 v1.2c Standard LaTeX Graphics (DPC,SPQR)

(/usr/local/texlive/2018/texmf-dist/tex/latex/graphics/trig.sty
Package: trig 2016/01/03 v1.10 sin cos tan (DPC)
)
(/usr/local/texlive/2018/texmf-dist/tex/latex/graphics-cfg/graphics.cfg
File: graphics.cfg 2016/06/04 v1.11 sample graphics configuration
)
Package graphics Info: Driver file: pdftex.def on input line 99.
)
\Gin@req@height=\dimen110
\Gin@req@width=\dimen111
)
\AM@pagewidth=\dimen112
\AM@pageheight=\dimen113

(/usr/local/texlive/2018/texmf-dist/tex/latex/pdfpages/pppdftex.def
File: pppdftex.def 2017/10/31 v0.5l Pdfpages driver for pdfTeX (AM)
)
\AM@pagebox=\box28
\AM@global@opts=\toks22
\AM@toc@title=\toks23
\c@AM@survey=\count103
\AM@templatesizebox=\box29
)
(/usr/local/texlive/2018/texmf-dist/tex/latex/titlesec/titlesec.sty
Package: titlesec 2016/03/21 v2.10.2 Sectioning titles
\ttl@box=\box30
\beforetitleunit=\skip53
\aftertitleunit=\skip54
\ttl@plus=\dimen114
\ttl@minus=\dimen115
\ttl@toksa=\toks24
\titlewidth=\dimen116
\titlewidthlast=\dimen117
\titlewidthfirst=\dimen118
)
(/usr/local/texlive/2018/texmf-dist/tex/latex/titlesec/titletoc.sty
Package: titletoc 2011/12/15 v1.6 TOC entries
\ttl@leftsep=\dimen119
)
(/usr/local/texlive/2018/texmf-dist/tex/latex/geometry/geometry.sty
Package: geometry 2018/03/24 v5.7 Page Geometry

(/usr/local/texlive/2018/texmf-dist/tex/generic/oberdiek/ifvtex.sty
Package: ifvtex 2016/05/16 v1.6 Detect VTeX and its facilities (HO)
Package ifvtex Info: VTeX not detected.
)
(/usr/local/texlive/2018/texmf-dist/tex/generic/ifxetex/ifxetex.sty
Package: ifxetex 2010/09/12 v0.6 Provides ifxetex conditional
)
\Gm@cnth=\count104
\Gm@cntv=\count105
\c@Gm@tempcnt=\count106
\Gm@bindingoffset=\dimen120
\Gm@wd@mp=\dimen121
\Gm@odd@mp=\dimen122
\Gm@even@mp=\dimen123
\Gm@layoutwidth=\dimen124
\Gm@layoutheight=\dimen125
\Gm@layouthoffset=\dimen126
\Gm@layoutvoffset=\dimen127
\Gm@dimlist=\toks25
))
(./Système Flo.aux)
\openout1 = `"Système Flo.aux"'.

LaTeX Font Info:    Checking defaults for OML/cmm/m/it on input line 4.
LaTeX Font Info:    ... okay on input line 4.
LaTeX Font Info:    Checking defaults for T1/cmr/m/n on input line 4.
LaTeX Font Info:    ... okay on input line 4.
LaTeX Font Info:    Checking defaults for OT1/cmr/m/n on input line 4.
LaTeX Font Info:    ... okay on input line 4.
LaTeX Font Info:    Checking defaults for OMS/cmsy/m/n on input line 4.
LaTeX Font Info:    ... okay on input line 4.
LaTeX Font Info:    Checking defaults for OMX/cmex/m/n on input line 4.
LaTeX Font Info:    ... okay on input line 4.
LaTeX Font Info:    Checking defaults for U/cmr/m/n on input line 4.
LaTeX Font Info:    ... okay on input line 4.
LaTeX Font Info:    Try loading font information for T1+lmr on input line 4.
 (/usr/local/texlive/2018/texmf-dist/tex/latex/lm/t1lmr.fd
File: t1lmr.fd 2009/10/30 v1.6 Font defs for Latin Modern
)
LaTeX Info: Redefining \degres on input line 4.
LaTeX Info: Redefining \dots on input line 4.
LaTeX Info: Redefining \up on input line 4.
 (/usr/local/texlive/2018/texmf-dist/tex/latex/ucs/ucsencs.def
File: ucsencs.def 2011/01/21 Fixes to fontencodings LGR, T3
)
(/usr/local/texlive/2018/texmf-dist/tex/context/base/mkii/supp-pdf.mkii
[Loading MPS to PDF converter (version 2006.09.02).]
\scratchcounter=\count107
\scratchdimen=\dimen128
\scratchbox=\box31
\nofMPsegments=\count108
\nofMParguments=\count109
\everyMPshowfont=\toks26
\MPscratchCnt=\count110
\MPscratchDim=\dimen129
\MPnumerator=\count111
\makeMPintoPDFobject=\count112
\everyMPtoPDFconversion=\toks27
) (/usr/local/texlive/2018/texmf-dist/tex/latex/oberdiek/epstopdf-base.sty
Package: epstopdf-base 2016/05/15 v2.6 Base part for package epstopdf

(/usr/local/texlive/2018/texmf-dist/tex/latex/oberdiek/grfext.sty
Package: grfext 2016/05/16 v1.2 Manage graphics extensions (HO)

(/usr/local/texlive/2018/texmf-dist/tex/generic/oberdiek/kvdefinekeys.sty
Package: kvdefinekeys 2016/05/16 v1.4 Define keys (HO)
))
(/usr/local/texlive/2018/texmf-dist/tex/latex/oberdiek/kvoptions.sty
Package: kvoptions 2016/05/16 v3.12 Key value format for package options (HO)

(/usr/local/texlive/2018/texmf-dist/tex/generic/oberdiek/kvsetkeys.sty
Package: kvsetkeys 2016/05/16 v1.17 Key value parser (HO)

(/usr/local/texlive/2018/texmf-dist/tex/generic/oberdiek/etexcmds.sty
Package: etexcmds 2016/05/16 v1.6 Avoid name clashes with e-TeX commands (HO)

(/usr/local/texlive/2018/texmf-dist/tex/generic/oberdiek/ifluatex.sty
Package: ifluatex 2016/05/16 v1.4 Provides the ifluatex switch (HO)
Package ifluatex Info: LuaTeX not detected.
)
Package etexcmds Info: Could not find \expanded.
(etexcmds)             That can mean that you are not using pdfTeX 1.50 or
(etexcmds)             that some package has redefined \expanded.
(etexcmds)             In the latter case, load this package earlier.
)))
(/usr/local/texlive/2018/texmf-dist/tex/generic/oberdiek/pdftexcmds.sty
Package: pdftexcmds 2018/01/30 v0.27 Utility functions of pdfTeX for LuaTeX (HO
)
Package pdftexcmds Info: LuaTeX not detected.
Package pdftexcmds Info: \pdf@primitive is available.
Package pdftexcmds Info: \pdf@ifprimitive is available.
Package pdftexcmds Info: \pdfdraftmode found.
)
Package epstopdf-base Info: Redefining graphics rule for `.eps' on input line 4
38.
Package grfext Info: Graphics extension search list:
(grfext)             [.pdf,.png,.jpg,.mps,.jpeg,.jbig2,.jb2,.PDF,.PNG,.JPG,.JPE
G,.JBIG2,.JB2,.eps]
(grfext)             \AppendGraphicsExtensions on input line 456.

(/usr/local/texlive/2018/texmf-dist/tex/latex/latexconfig/epstopdf-sys.cfg
File: epstopdf-sys.cfg 2010/07/13 v1.3 Configuration of (r)epstopdf for TeX Liv
e
))
\AtBeginShipoutBox=\box32

(/usr/local/texlive/2018/texmf-dist/tex/latex/oberdiek/pdflscape.sty
Package: pdflscape 2016/05/14 v0.11 Display of landscape pages in PDF (HO)

(/usr/local/texlive/2018/texmf-dist/tex/latex/graphics/lscape.sty
Package: lscape 2000/10/22 v3.01 Landscape Pages (DPC)
)
Package pdflscape Info: Auto-detected driver: pdftex on input line 81.
)
*geometry* driver: auto-detecting
*geometry* detected driver: pdftex
*geometry* verbose mode - [ preamble ] result:
* driver: pdftex
* paper: a4paper
* layout: <same size as paper>
* layoutoffset:(h,v)=(0.0pt,0.0pt)
* modes: 
* h-part:(L,W,R)=(56.9055pt, 483.69687pt, 56.9055pt)
* v-part:(T,H,B)=(42.67912pt, 759.6886pt, 42.67912pt)
* \paperwidth=597.50787pt
* \paperheight=845.04684pt
* \textwidth=483.69687pt
* \textheight=759.6886pt
* \oddsidemargin=-15.36449pt
* \evensidemargin=-15.36449pt
* \topmargin=-66.59087pt
* \headheight=12.0pt
* \headsep=25.0pt
* \topskip=11.0pt
* \footskip=30.0pt
* \marginparwidth=50.0pt
* \marginparsep=10.0pt
* \columnsep=10.0pt
* \skip\footins=10.0pt plus 4.0pt minus 2.0pt
* \hoffset=0.0pt
* \voffset=0.0pt
* \mag=1000
* \@twocolumnfalse
* \@twosidefalse
* \@mparswitchfalse
* \@reversemarginfalse
* (1in=72.27pt=25.4mm, 1cm=28.453pt)

Chapitre \leavevmode{\color {red}I]}.
LaTeX Font Info:    Try loading font information for OT1+lmr on input line 5.
(/usr/local/texlive/2018/texmf-dist/tex/latex/lm/ot1lmr.fd
File: ot1lmr.fd 2009/10/30 v1.6 Font defs for Latin Modern
)
LaTeX Font Info:    Try loading font information for OML+lmm on input line 5.

(/usr/local/texlive/2018/texmf-dist/tex/latex/lm/omllmm.fd
File: omllmm.fd 2009/10/30 v1.6 Font defs for Latin Modern
)
LaTeX Font Info:    Try loading font information for OMS+lmsy on input line 5.

(/usr/local/texlive/2018/texmf-dist/tex/latex/lm/omslmsy.fd
File: omslmsy.fd 2009/10/30 v1.6 Font defs for Latin Modern
)
LaTeX Font Info:    Try loading font information for OMX+lmex on input line 5.

(/usr/local/texlive/2018/texmf-dist/tex/latex/lm/omxlmex.fd
File: omxlmex.fd 2009/10/30 v1.6 Font defs for Latin Modern
)
LaTeX Font Info:    External font `lmex10' loaded for size
(Font)              <20.74> on input line 5.
LaTeX Font Info:    External font `lmex10' loaded for size
(Font)              <14.4> on input line 5.
LaTeX Font Info:    External font `lmex10' loaded for size
(Font)              <12> on input line 5.

(/usr/local/texlive/2018/texmf-dist/tex/latex/ucs/data/uni-0.def
File: uni-0.def 2013/05/13 UCS: Unicode data U+0000..U+00FF
)
LaTeX Font Info:    External font `lmex10' loaded for size
(Font)              <10> on input line 6.
LaTeX Font Info:    External font `lmex10' loaded for size
(Font)              <7> on input line 6.
LaTeX Font Info:    External font `lmex10' loaded for size
(Font)              <10.95> on input line 7.
LaTeX Font Info:    External font `lmex10' loaded for size
(Font)              <8> on input line 7.
LaTeX Font Info:    External font `lmex10' loaded for size
(Font)              <6> on input line 7.


LaTeX Warning: Command \` invalid in math mode on input line 9.


LaTeX Warning: Command \` invalid in math mode on input line 12.


LaTeX Warning: Command \` invalid in math mode on input line 12.


Underfull \hbox (badness 10000) in paragraph at lines 14--15

 []


LaTeX Warning: Command \` invalid in math mode on input line 19.


Underfull \hbox (badness 10000) in paragraph at lines 22--23

 []


LaTeX Warning: Command \` invalid in math mode on input line 27.


LaTeX Warning: Command \` invalid in math mode on input line 28.


Underfull \hbox (badness 10000) in paragraph at lines 29--30

 []


Underfull \hbox (badness 10000) in paragraph at lines 38--39

 []


Underfull \hbox (badness 10000) in paragraph at lines 46--47

 []


Underfull \hbox (badness 10000) in paragraph at lines 52--53

 []


LaTeX Warning: Command \` invalid in math mode on input line 58.

[1


{/usr/local/texlive/2018/texmf-var/fonts/map/pdftex/updmap/pdftex.map}]
Chapitre \leavevmode{\color {red}II]}.

Underfull \hbox (badness 10000) in paragraph at lines 66--72

 []


Underfull \hbox (badness 10000) in paragraph at lines 66--72

 []


Underfull \hbox (badness 10000) in paragraph at lines 74--87

 []


Underfull \hbox (badness 10000) in paragraph at lines 74--87

 []


Underfull \hbox (badness 10000) in paragraph at lines 88--93

 []


Underfull \hbox (badness 10000) in paragraph at lines 88--93

 []


Underfull \hbox (badness 10000) in paragraph at lines 94--99

 []


Underfull \hbox (badness 10000) in paragraph at lines 94--99

 []


Underfull \hbox (badness 10000) in paragraph at lines 100--106

 []


Underfull \hbox (badness 10000) in paragraph at lines 100--106

 []


Underfull \hbox (badness 10000) in paragraph at lines 107--113

 []


Underfull \hbox (badness 10000) in paragraph at lines 107--113

 []


Underfull \hbox (badness 10000) in paragraph at lines 115--127

 []


Underfull \hbox (badness 10000) in paragraph at lines 129--138

 []


Underfull \hbox (badness 10000) in paragraph at lines 129--138

 []

[2

]
Underfull \hbox (badness 10000) in paragraph at lines 139--144

 []


Underfull \hbox (badness 10000) in paragraph at lines 139--144

 []


Underfull \hbox (badness 10000) in paragraph at lines 145--151

 []


Underfull \hbox (badness 10000) in paragraph at lines 145--151

 []


LaTeX Warning: Command \` invalid in math mode on input line 156.


Underfull \hbox (badness 10000) in paragraph at lines 154--162

 []


Underfull \hbox (badness 10000) in paragraph at lines 154--162

 []


Underfull \hbox (badness 10000) in paragraph at lines 163--171

 []


Underfull \hbox (badness 10000) in paragraph at lines 163--171

 []


Underfull \hbox (badness 10000) in paragraph at lines 172--180

 []


Underfull \hbox (badness 10000) in paragraph at lines 172--180

 []


Underfull \hbox (badness 10000) in paragraph at lines 182--190

 []


Underfull \hbox (badness 10000) in paragraph at lines 182--190

 []


Underfull \hbox (badness 10000) in paragraph at lines 191--197

 []


Underfull \hbox (badness 10000) in paragraph at lines 200--206

 []

[3]

LaTeX Warning: Command \` invalid in math mode on input line 211.


LaTeX Warning: Command \` invalid in math mode on input line 211.


LaTeX Warning: Command \` invalid in math mode on input line 212.


Underfull \hbox (badness 10000) in paragraph at lines 207--217

 []


Underfull \hbox (badness 10000) in paragraph at lines 219--227

 []


Underfull \hbox (badness 10000) in paragraph at lines 219--227

 []


Underfull \hbox (badness 10000) in paragraph at lines 228--235

 []


Underfull \hbox (badness 10000) in paragraph at lines 228--235

 []


Underfull \hbox (badness 10000) in paragraph at lines 236--245

 []


Underfull \hbox (badness 10000) in paragraph at lines 247--253

 []


Underfull \hbox (badness 10000) in paragraph at lines 255--259

 []


Underfull \hbox (badness 10000) in paragraph at lines 255--259

 []


Underfull \hbox (badness 10000) in paragraph at lines 260--267

 []


Underfull \hbox (badness 10000) in paragraph at lines 260--267

 []


Underfull \hbox (badness 10000) in paragraph at lines 270--284

 []

[4]
Underfull \hbox (badness 10000) in paragraph at lines 286--296

 []


Underfull \hbox (badness 10000) in paragraph at lines 299--311

 []


Underfull \hbox (badness 10000) in paragraph at lines 313--320

 []


Underfull \hbox (badness 10000) in paragraph at lines 322--327

 []


Underfull \hbox (badness 10000) in paragraph at lines 322--327

 []


Underfull \hbox (badness 10000) in paragraph at lines 330--339

 []


Underfull \hbox (badness 10000) in paragraph at lines 330--339

 []

[5]
Underfull \hbox (badness 10000) in paragraph at lines 340--351

 []


Underfull \hbox (badness 10000) in paragraph at lines 340--351

 []


Underfull \hbox (badness 10000) in paragraph at lines 353--364

 []


Underfull \hbox (badness 10000) in paragraph at lines 353--364

 []


Underfull \hbox (badness 10000) in paragraph at lines 365--375

 []


Underfull \hbox (badness 10000) in paragraph at lines 365--375

 []


Underfull \hbox (badness 10000) in paragraph at lines 377--384

 []


Underfull \hbox (badness 10000) in paragraph at lines 377--384

 []


Underfull \hbox (badness 10000) in paragraph at lines 385--390

 []


Underfull \hbox (badness 10000) in paragraph at lines 385--390

 []

[6]
Chapitre \leavevmode{\color {red}III]}.

Underfull \hbox (badness 10000) in paragraph at lines 394--405

 []


Underfull \hbox (badness 10000) in paragraph at lines 394--405

 []


Underfull \hbox (badness 10000) in paragraph at lines 406--407

 []


Underfull \hbox (badness 10000) in paragraph at lines 409--420

 []


Underfull \hbox (badness 10000) in paragraph at lines 409--420

 []


Underfull \hbox (badness 10000) in paragraph at lines 421--428

 []


Underfull \hbox (badness 10000) in paragraph at lines 421--428

 []


Underfull \hbox (badness 10000) in paragraph at lines 429--436

 []


Underfull \hbox (badness 10000) in paragraph at lines 429--436

 []


Underfull \hbox (badness 10000) in paragraph at lines 437--438

 []


Underfull \hbox (badness 10000) in paragraph at lines 442--443

 []


Underfull \hbox (badness 10000) in paragraph at lines 449--450

 []

[7

]
Underfull \hbox (badness 10000) in paragraph at lines 458--459

 []


Underfull \hbox (badness 10000) in paragraph at lines 463--464

 []


Underfull \hbox (badness 10000) in paragraph at lines 467--473

 []


Underfull \hbox (badness 10000) in paragraph at lines 474--482

 []


Underfull \hbox (badness 10000) in paragraph at lines 483--491

 []


Underfull \hbox (badness 10000) in paragraph at lines 493--497

 []


Underfull \hbox (badness 10000) in paragraph at lines 493--497

 []


Underfull \hbox (badness 10000) in paragraph at lines 498--505

 []


Underfull \hbox (badness 10000) in paragraph at lines 498--505

 []


Underfull \hbox (badness 10000) in paragraph at lines 506--512

 []


Underfull \hbox (badness 10000) in paragraph at lines 506--512

 []


Underfull \hbox (badness 10000) in paragraph at lines 514--515

 []


Underfull \hbox (badness 10000) in paragraph at lines 521--522

 []

[8]
Chapitre \leavevmode{\color {red}IV]}.

Underfull \hbox (badness 10000) in paragraph at lines 526--538

 []


Underfull \hbox (badness 10000) in paragraph at lines 526--538

 []


Underfull \hbox (badness 10000) in paragraph at lines 540--544

 []


Underfull \hbox (badness 10000) in paragraph at lines 540--544

 []


Underfull \hbox (badness 10000) in paragraph at lines 545--556

 []


Underfull \hbox (badness 10000) in paragraph at lines 557--566

 []


Underfull \hbox (badness 10000) in paragraph at lines 567--574

 []


Underfull \hbox (badness 10000) in paragraph at lines 567--574

 []


Underfull \hbox (badness 10000) in paragraph at lines 575--583

 []


Underfull \hbox (badness 10000) in paragraph at lines 575--583

 []


Underfull \hbox (badness 10000) in paragraph at lines 584--589

 []


Underfull \hbox (badness 10000) in paragraph at lines 584--589

 []

[9

]
Underfull \hbox (badness 10000) in paragraph at lines 595--596

 []


Underfull \hbox (badness 10000) in paragraph at lines 598--606

 []


Underfull \hbox (badness 10000) in paragraph at lines 598--606

 []


Underfull \hbox (badness 10000) in paragraph at lines 607--613

 []


Underfull \hbox (badness 10000) in paragraph at lines 607--613

 []


LaTeX Warning: Command \` invalid in math mode on input line 620.


Underfull \hbox (badness 10000) in paragraph at lines 615--623

 []


Underfull \hbox (badness 10000) in paragraph at lines 615--623

 []


Underfull \hbox (badness 10000) in paragraph at lines 626--627

 []


Underfull \hbox (badness 10000) in paragraph at lines 628--633

 []


Underfull \hbox (badness 10000) in paragraph at lines 628--633

 []


Underfull \hbox (badness 10000) in paragraph at lines 634--639

 []


Underfull \hbox (badness 10000) in paragraph at lines 634--639

 []


Underfull \hbox (badness 10000) in paragraph at lines 641--642

 []

[10]
Chapitre \leavevmode{\color {red}V]}.

Underfull \hbox (badness 10000) in paragraph at lines 646--653

 []


Underfull \hbox (badness 10000) in paragraph at lines 646--653

 []


Underfull \hbox (badness 10000) in paragraph at lines 655--663

 []


Underfull \hbox (badness 10000) in paragraph at lines 667--668

 []


Underfull \hbox (badness 10000) in paragraph at lines 672--681

 []


Underfull \hbox (badness 10000) in paragraph at lines 672--681

 []


Underfull \hbox (badness 10000) in paragraph at lines 683--688

 []


Underfull \hbox (badness 10000) in paragraph at lines 683--688

 []


Underfull \hbox (badness 10000) in paragraph at lines 689--695

 []


Underfull \hbox (badness 10000) in paragraph at lines 689--695

 []


Underfull \hbox (badness 10000) in paragraph at lines 697--706

 []


Underfull \hbox (badness 10000) in paragraph at lines 697--706

 []

[11

]
Underfull \hbox (badness 10000) in paragraph at lines 710--717

 []


Underfull \hbox (badness 10000) in paragraph at lines 710--717

 []


Underfull \hbox (badness 10000) in paragraph at lines 718--723

 []


Underfull \hbox (badness 10000) in paragraph at lines 718--723

 []


Underfull \hbox (badness 10000) in paragraph at lines 725--731

 []


Underfull \hbox (badness 10000) in paragraph at lines 725--731

 []


Underfull \hbox (badness 10000) in paragraph at lines 736--737

 []


LaTeX Warning: Command \` invalid in math mode on input line 740.


Underfull \hbox (badness 10000) in paragraph at lines 740--741

 []


Underfull \hbox (badness 10000) in paragraph at lines 745--746

 []


Underfull \hbox (badness 10000) in paragraph at lines 750--756

 []


Underfull \hbox (badness 10000) in paragraph at lines 750--756

 []


Underfull \hbox (badness 10000) in paragraph at lines 758--766

 []


Underfull \hbox (badness 10000) in paragraph at lines 758--766

 []

[12]
Chapitre \leavevmode{\color {red}VI]}.

LaTeX Warning: Command \` invalid in math mode on input line 769.


LaTeX Warning: Command \` invalid in math mode on input line 775.


Underfull \hbox (badness 10000) in paragraph at lines 771--780

 []


LaTeX Warning: Command \` invalid in math mode on input line 781.


Underfull \hbox (badness 10000) in paragraph at lines 781--783

 []


Underfull \hbox (badness 10000) in paragraph at lines 790--791

 []


Underfull \hbox (badness 10000) in paragraph at lines 794--802

 []


LaTeX Warning: Command \` invalid in math mode on input line 804.


Underfull \hbox (badness 10000) in paragraph at lines 803--808

 []


Underfull \hbox (badness 10000) in paragraph at lines 803--808

 []


Underfull \hbox (badness 10000) in paragraph at lines 809--816

 []


Underfull \hbox (badness 10000) in paragraph at lines 809--816

 []


Underfull \hbox (badness 10000) in paragraph at lines 818--825

 []


Underfull \hbox (badness 10000) in paragraph at lines 818--825

 []


Underfull \hbox (badness 10000) in paragraph at lines 827--832

 []

[13

] (./Système Flo.aux) ) 
Here is how much of TeX's memory you used:
 5564 strings out of 492649
 80642 string characters out of 6129622
 175771 words of memory out of 5000000
 9321 multiletter control sequences out of 15000+600000
 51772 words of font info for 47 fonts, out of 8000000 for 9000
 1141 hyphenation exceptions out of 8191
 41i,8n,43p,419b,660s stack positions out of 5000i,500n,10000p,200000b,80000s
{/usr/local/texlive/2018/texmf-dist/fonts/enc/dvips/lm
/lm-rm.enc}{/usr/local/texlive/2018/texmf-dist/fonts/enc/dvips/lm/lm-mathit.enc
}{/usr/local/texlive/2018/texmf-dist/fonts/enc/dvips/lm/lm-ec.enc}{/usr/local/t
exlive/2018/texmf-dist/fonts/enc/dvips/lm/lm-mathsy.enc}</usr/local/texlive/201
8/texmf-dist/fonts/type1/public/lm/lmbx10.pfb></usr/local/texlive/2018/texmf-di
st/fonts/type1/public/lm/lmbx12.pfb></usr/local/texlive/2018/texmf-dist/fonts/t
ype1/public/lm/lmmi8.pfb></usr/local/texlive/2018/texmf-dist/fonts/type1/public
/lm/lmr10.pfb></usr/local/texlive/2018/texmf-dist/fonts/type1/public/lm/lmr8.pf
b></usr/local/texlive/2018/texmf-dist/fonts/type1/public/lm/lmsy10.pfb>
Output written on "Système Flo.pdf" (13 pages, 147181 bytes).
PDF statistics:
 77 PDF objects out of 1000 (max. 8388607)
 55 compressed objects within 1 object stream
 0 named destinations out of 1000 (max. 500000)
 1 words of extra memory for PDF output out of 10000 (max. 10000000)

